<?xml version="1.0" encoding="UTF-8"?>
<!-- Generated by org.testng.reporters.JUnitXMLReporter -->
<testsuite ignored="0" hostname="A" failures="0" tests="5" name="Surefire test" time="48.07" errors="0" timestamp="2023-01-23T10:11:01 PST">
  <testcase classname="tests.FourTest" name="fourTest" time="0.017"/>
  <testcase classname="tests.TestLogin" name="login" time="12.258"/>
  <testcase classname="tests.TestLogin" name="login" time="22.278"/>
  <testcase classname="tests.ThreeTest" name="threeTest" time="0.002"/>
  <testcase classname="tests.TwoTest" name="twoTest" time="0.002"/>
</testsuite> <!-- Surefire test -->
