<?xml version="1.0" encoding="UTF-8"?>
<!-- Generated by org.testng.reporters.JUnitXMLReporter -->
<testsuite ignored="0" hostname="A" failures="0" tests="5" name="Test" time="72.786" errors="0" timestamp="2023-01-24T09:41:27 PST">
  <testcase classname="tests.FourTest" name="fourTest" time="12.711"/>
  <testcase classname="tests.TwoTest" name="twoTest" time="11.571"/>
  <testcase classname="tests.ThreeTest" name="threeTest" time="7.463"/>
  <testcase classname="tests.TestLogin" name="login" time="11.91"/>
  <testcase classname="tests.TestLogin" name="login" time="21.9"/>
</testsuite> <!-- Test -->
